<?xml version="1.0" encoding="UTF-8"?>
<!-- Generated by org.testng.reporters.JUnitReportReporter -->
<testsuite skipped="0" hostname="DESKTOP-B2I6T1U" name="cucumberOptions.TestRunner" tests="1" failures="0" timestamp="2021-04-28T11:46:18 IST" time="99.695" errors="0">
  <testcase name="feature" time="99.695" classname="cucumberOptions.TestRunner"/>
  <system-out/>
</testsuite> <!-- cucumberOptions.TestRunner -->
